        -:    0:Source:/home/matt-fidler/R/x86_64-pc-linux-gnu-library/4.6/Rcpp/include/Rcpp/RNGScope.h
        -:    0:Graph:./RcppExports.gcno
        -:    0:Data:./RcppExports.gcda
        -:    0:Runs:15
        -:    1:// -*- mode: C++; c-indent-level: 4; c-basic-offset: 4; indent-tabs-mode: nil; -*-
        -:    2://
        -:    3:// RNGScope.h: Rcpp R/C++ interface class library --
        -:    4://
        -:    5:// Copyright (C) 2010 - 2016  Douglas Bates, Dirk Eddelbuettel and Romain Francois
        -:    6://
        -:    7:// This file is part of Rcpp.
        -:    8://
        -:    9:// Rcpp is free software: you can redistribute it and/or modify it
        -:   10:// under the terms of the GNU General Public License as published by
        -:   11:// the Free Software Foundation, either version 2 of the License, or
        -:   12:// (at your option) any later version.
        -:   13://
        -:   14:// Rcpp is distributed in the hope that it will be useful, but
        -:   15:// WITHOUT ANY WARRANTY; without even the implied warranty of
        -:   16:// MERCHANTABILITY or FITNESS FOR A PARTICULAR PURPOSE.  See the
        -:   17:// GNU General Public License for more details.
        -:   18://
        -:   19:// You should have received a copy of the GNU General Public License
        -:   20:// along with Rcpp.  If not, see <http://www.gnu.org/licenses/>.
        -:   21:
        -:   22:#ifndef Rcpp__RNGScope_h
        -:   23:#define Rcpp__RNGScope_h
        -:   24:
        -:   25:namespace Rcpp {
        -:   26:
        -:   27:class RNGScope{
        -:   28:public:
      135:   29:    RNGScope(){ internal::enterRNGScope(); }
      135:   30:    ~RNGScope(){ internal::exitRNGScope(); }
        -:   31:};
        -:   32:
        -:   33:class SuspendRNGSynchronizationScope {
        -:   34:public:
        -:   35:    SuspendRNGSynchronizationScope() { internal::beginSuspendRNGSynchronization(); }
        -:   36:    ~SuspendRNGSynchronizationScope() { internal::endSuspendRNGSynchronization(); }
        -:   37:};
        -:   38:
        -:   39:} // namespace Rcpp
        -:   40:
        -:   41:#endif
