        -:    0:Source:RcppExports.cpp
        -:    0:Graph:./RcppExports.gcno
        -:    0:Data:./RcppExports.gcda
        -:    0:Runs:18
        -:    1:// Generated by using Rcpp::compileAttributes() -> do not edit by hand
        -:    2:// Generator token: 10BE3573-1514-4C36-9D1C-5A225CD40393
        -:    3:
        -:    4:#include <Rcpp.h>
        -:    5:
        -:    6:using namespace Rcpp;
        -:    7:
        -:    8:#ifdef RCPP_USE_GLOBAL_ROSTREAM
        -:    9:Rcpp::Rostream<true>&  Rcpp::Rcout = Rcpp::Rcpp_cout_get();
        -:   10:Rcpp::Rostream<false>& Rcpp::Rcerr = Rcpp::Rcpp_cerr_get();
        -:   11:#endif
        -:   12:
        -:   13:// nlmixr2saveParFixedDf
        -:   14:SEXP nlmixr2saveParFixedDf(SEXP obj, bool named);
      162:   15:RcppExport SEXP _nlmixr2save_nlmixr2saveParFixedDf(SEXP objSEXP, SEXP namedSEXP) {
      162:   16:BEGIN_RCPP
      162:   17:    Rcpp::RObject rcpp_result_gen;
      162:   18:    Rcpp::RNGScope rcpp_rngScope_gen;
      162:   19:    Rcpp::traits::input_parameter< SEXP >::type obj(objSEXP);
      162:   20:    Rcpp::traits::input_parameter< bool >::type named(namedSEXP);
      162:   21:    rcpp_result_gen = Rcpp::wrap(nlmixr2saveParFixedDf(obj, named));
      162:   22:    return rcpp_result_gen;
      162:   23:END_RCPP
        -:   24:}
        -:   25:
        -:   26:static const R_CallMethodDef CallEntries[] = {
        -:   27:    {"_nlmixr2save_nlmixr2saveParFixedDf", (DL_FUNC) &_nlmixr2save_nlmixr2saveParFixedDf, 2},
        -:   28:    {NULL, NULL, 0}
        -:   29:};
        -:   30:
       18:   31:RcppExport void R_init_nlmixr2save(DllInfo *dll) {
       18:   32:    R_registerRoutines(dll, NULL, CallEntries, NULL, NULL);
       18:   33:    R_useDynamicSymbols(dll, FALSE);
       18:   34:}
